#
# There is insufficient memory for the Java Runtime Environment to continue.
# Native memory allocation (malloc) failed to allocate 9907472 bytes. Error detail: Chunk::new
# Possible reasons:
#   The system is out of physical RAM or swap space
#   This process is running with CompressedOops enabled, and the Java Heap may be blocking the growth of the native heap
# Possible solutions:
#   Reduce memory load on the system
#   Increase physical memory or swap space
#   Check if swap backing store is full
#   Decrease Java heap size (-Xmx/-Xms)
#   Decrease number of Java threads
#   Decrease Java thread stack sizes (-Xss)
#   Set larger code cache with -XX:ReservedCodeCacheSize=
#   JVM is running with Zero Based Compressed Oops mode in which the Java heap is
#     placed in the first 32GB address space. The Java Heap base address is the
#     maximum limit for the native heap growth. Please use -XX:HeapBaseMinAddress
#     to set the Java Heap base and to place the Java Heap above 32GB virtual address.
# This output file may be truncated or incomplete.
#
#  Out of Memory Error (arena.cpp:162), pid=3388, tid=760
#
# JRE version: Java(TM) SE Runtime Environment (24.0.1+9) (build 24.0.1+9-30)
# Java VM: Java HotSpot(TM) 64-Bit Server VM (24.0.1+9-30, mixed mode, sharing, tiered, compressed oops, compressed class ptrs, g1 gc, windows-amd64)
# No core dump will be written. Minidumps are not enabled by default on client versions of Windows
#

---------------  S U M M A R Y ------------

Command Line: --add-opens=java.base/java.lang=ALL-UNNAMED --enable-native-access=ALL-UNNAMED -Dclassworlds.conf=D:/2025/DEV TOOLS/apache-maven-3.9.10-bin/apache-maven-3.9.10/bin/m2.conf -Dmaven.home=D:/2025/DEV TOOLS/apache-maven-3.9.10-bin/apache-maven-3.9.10 -Dlibrary.jansi.path=D:/2025/DEV TOOLS/apache-maven-3.9.10-bin/apache-maven-3.9.10/lib/jansi-native -Dmaven.multiModuleProjectDirectory=D:/2025/projects/portfolio-api org.codehaus.plexus.classworlds.launcher.Launcher clean package

Host: AMD Ryzen 5 3550H with Radeon Vega Mobile Gfx  , 8 cores, 13G,  Windows 11 , 64 bit Build 26100 (10.0.26100.4202)
Time: Sun Jun 22 22:20:11 2025 SE Asia Standard Time elapsed time: 12.683220 seconds (0d 0h 0m 12s)

---------------  T H R E A D  ---------------

Current thread (0x0000018b54d256b0):  JavaThread "C2 CompilerThread1" daemon [_thread_in_native, id=760, stack(0x0000008687d00000,0x0000008687e00000) (1024K)]


Current CompileTask:
C2:12683 6510       4       com.sun.tools.javac.code.Symtab::enterClass (71 bytes)

Stack: [0x0000008687d00000,0x0000008687e00000]
Native frames: (J=compiled Java code, j=interpreted, Vv=VM code, C=native code)
V  [jvm.dll+0x730739]  (no source info available)
V  [jvm.dll+0x8d9b23]  (no source info available)
V  [jvm.dll+0x8dc00d]  (no source info available)
V  [jvm.dll+0x8dc683]  (no source info available)
V  [jvm.dll+0x2aa086]  (no source info available)
V  [jvm.dll+0xcedef]  (no source info available)
V  [jvm.dll+0xcf04f]  (no source info available)
V  [jvm.dll+0x154d83]  (no source info available)
V  [jvm.dll+0x735f5f]  (no source info available)
V  [jvm.dll+0x26fa1c]  (no source info available)
V  [jvm.dll+0x26ea3f]  (no source info available)
V  [jvm.dll+0x1e9d60]  (no source info available)
V  [jvm.dll+0x27e1fb]  (no source info available)
V  [jvm.dll+0x27c49a]  (no source info available)
V  [jvm.dll+0x42f456]  (no source info available)
V  [jvm.dll+0x87d76b]  (no source info available)
V  [jvm.dll+0x72ee55]  (no source info available)
C  [ucrtbase.dll+0x37b0]  (no source info available)
C  [KERNEL32.DLL+0x2e8d7]  (no source info available)
C  [ntdll.dll+0x3c34c]  (no source info available)

Lock stack of current Java thread (top to bottom):


---------------  P R O C E S S  ---------------

Threads class SMR info:
_java_thread_list=0x0000018b555201e0, length=14, elements={
0x0000018b6bdf82a0, 0x0000018b7dd02450, 0x0000018b7dd02b90, 0x0000018b7dd03cb0,
0x0000018b7dd04b30, 0x0000018b7dd05660, 0x0000018b7dd062c0, 0x0000018b7dd06f20,
0x0000018b7dd23510, 0x0000018b54155ea0, 0x0000018b54158060, 0x0000018b54d256b0,
0x0000018b554107a0, 0x0000018b555cdec0
}

Java Threads: ( => current thread )
  0x0000018b6bdf82a0 JavaThread "main"                              [_thread_in_native, id=16304, stack(0x0000008686b00000,0x0000008686c00000) (1024K)]
  0x0000018b7dd02450 JavaThread "Reference Handler"          daemon [_thread_blocked, id=22676, stack(0x0000008687300000,0x0000008687400000) (1024K)]
  0x0000018b7dd02b90 JavaThread "Finalizer"                  daemon [_thread_blocked, id=4300, stack(0x0000008687400000,0x0000008687500000) (1024K)]
  0x0000018b7dd03cb0 JavaThread "Signal Dispatcher"          daemon [_thread_blocked, id=7432, stack(0x0000008687500000,0x0000008687600000) (1024K)]
  0x0000018b7dd04b30 JavaThread "Attach Listener"            daemon [_thread_blocked, id=1972, stack(0x0000008687600000,0x0000008687700000) (1024K)]
  0x0000018b7dd05660 JavaThread "Service Thread"             daemon [_thread_blocked, id=7944, stack(0x0000008687700000,0x0000008687800000) (1024K)]
  0x0000018b7dd062c0 JavaThread "Monitor Deflation Thread"   daemon [_thread_blocked, id=14652, stack(0x0000008687800000,0x0000008687900000) (1024K)]
  0x0000018b7dd06f20 JavaThread "C2 CompilerThread0"         daemon [_thread_in_native, id=5576, stack(0x0000008687900000,0x0000008687a00000) (1024K)]
  0x0000018b7dd23510 JavaThread "C1 CompilerThread0"         daemon [_thread_blocked, id=15880, stack(0x0000008687a00000,0x0000008687b00000) (1024K)]
  0x0000018b54155ea0 JavaThread "Notification Thread"        daemon [_thread_blocked, id=17724, stack(0x0000008687b00000,0x0000008687c00000) (1024K)]
  0x0000018b54158060 JavaThread "Common-Cleaner"             daemon [_thread_blocked, id=19824, stack(0x0000008687c00000,0x0000008687d00000) (1024K)]
=>0x0000018b54d256b0 JavaThread "C2 CompilerThread1"         daemon [_thread_in_native, id=760, stack(0x0000008687d00000,0x0000008687e00000) (1024K)]
  0x0000018b554107a0 JavaThread "Thread-1"                   daemon [_thread_blocked, id=21960, stack(0x0000008688200000,0x0000008688300000) (1024K)]
  0x0000018b555cdec0 JavaThread "C2 CompilerThread2"         daemon [_thread_in_native, id=15168, stack(0x0000008688300000,0x0000008688400000) (1024K)]
Total: 14

Other Threads:
  0x0000018b7dcef4e0 VMThread "VM Thread"                           [id=8604, stack(0x0000008687200000,0x0000008687300000) (1024K)]
  0x0000018b7dbba010 WatcherThread "VM Periodic Task Thread"        [id=11304, stack(0x0000008687100000,0x0000008687200000) (1024K)]
  0x0000018b6e195b20 WorkerThread "GC Thread#0"                     [id=20220, stack(0x0000008686c00000,0x0000008686d00000) (1024K)]
  0x0000018b54d4a030 WorkerThread "GC Thread#1"                     [id=14976, stack(0x0000008687e00000,0x0000008687f00000) (1024K)]
  0x0000018b54d4a3e0 WorkerThread "GC Thread#2"                     [id=10596, stack(0x0000008687f00000,0x0000008688000000) (1024K)]
  0x0000018b54d4a790 WorkerThread "GC Thread#3"                     [id=6152, stack(0x0000008688000000,0x0000008688100000) (1024K)]
  0x0000018b54d4ab40 WorkerThread "GC Thread#4"                     [id=22464, stack(0x0000008688100000,0x0000008688200000) (1024K)]
  0x0000018b55499e40 WorkerThread "GC Thread#5"                     [id=18684, stack(0x0000008688400000,0x0000008688500000) (1024K)]
  0x0000018b55499330 WorkerThread "GC Thread#6"                     [id=12372, stack(0x0000008688500000,0x0000008688600000) (1024K)]
  0x0000018b55499a90 WorkerThread "GC Thread#7"                     [id=22440, stack(0x0000008688600000,0x0000008688700000) (1024K)]
  0x0000018b6e1a8250 ConcurrentGCThread "G1 Main Marker"            [id=17120, stack(0x0000008686d00000,0x0000008686e00000) (1024K)]
  0x0000018b6e1a9c50 WorkerThread "G1 Conc#0"                       [id=17424, stack(0x0000008686e00000,0x0000008686f00000) (1024K)]
  0x0000018b55ce61d0 WorkerThread "G1 Conc#1"                       [id=8088, stack(0x0000008688700000,0x0000008688800000) (1024K)]
  0x0000018b7dbafb90 ConcurrentGCThread "G1 Refine#0"               [id=22624, stack(0x0000008686f00000,0x0000008687000000) (1024K)]
  0x0000018b7dbb05b0 ConcurrentGCThread "G1 Service"                [id=15660, stack(0x0000008687000000,0x0000008687100000) (1024K)]
Total: 15

Threads with active compile tasks:
C2 CompilerThread0  13807 6238   !   4       com.sun.tools.javac.code.Symbol$ClassSymbol::complete (52 bytes)
C2 CompilerThread1  13807 6510       4       com.sun.tools.javac.code.Symtab::enterClass (71 bytes)
C2 CompilerThread2  13807 6781       4       java.util.regex.Pattern$Ques::match (192 bytes)
Total: 3

VM state: not at safepoint (normal execution)

VM Mutex/Monitor currently owned by a thread: None

Heap address: 0x0000000720e00000, size: 3570 MB, Compressed Oops mode: Zero based, Oop shift amount: 3

CDS archive(s) mapped at: [0x0000018b0f000000-0x0000018b0fd40000-0x0000018b0fd40000), size 13893632, SharedBaseAddress: 0x0000018b0f000000, ArchiveRelocationMode: 1.
Compressed class space mapped at: 0x0000018b10000000-0x0000018b50000000, reserved size: 1073741824
UseCompressedClassPointers 1, UseCompactObjectHeaders 0
Narrow klass pointer bits 32, Max shift 3
Narrow klass base: 0x0000018b0f000000, Narrow klass shift: 0
Encoding Range: [0x0000018b0f000000 - 0x0000018c0f000000), (4294967296 bytes)
Klass Range:    [0x0000018b0f000000 - 0x0000018b50000000), (1090519040 bytes)
Klass ID Range:  [8 - 1090519033) (1090519025)

GC Precious Log:
 CardTable entry size: 512
 Card Set container configuration: InlinePtr #cards 4 size 8 Array Of Cards #cards 16 size 48 Howl #buckets 8 coarsen threshold 3686 Howl Bitmap #cards 512 size 80 coarsen threshold 460 Card regions per heap region 1 cards per card region 4096
 CPUs: 8 total, 8 available
 Memory: 14273M
 Large Page Support: Disabled
 NUMA Support: Disabled
 Compressed Oops: Enabled (Zero based)
 Heap Region Size: 2M
 Heap Min Capacity: 8M
 Heap Initial Capacity: 224M
 Heap Max Capacity: 3570M
 Pre-touch: Disabled
 Parallel Workers: 8
 Concurrent Workers: 2
 Concurrent Refinement Workers: 8
 Periodic GC: Disabled

Heap:
 garbage-first heap   total reserved 3655680K, committed 96256K, used 86901K [0x0000000720e00000, 0x0000000800000000)
  region size 2048K, 36 young (73728K), 4 survivors (8192K)
 Metaspace       used 27988K, committed 28352K, reserved 1114112K
  class space    used 2781K, committed 2944K, reserved 1048576K

Heap Regions: E=young(eden), S=young(survivor), O=old, HS=humongous(starts), HC=humongous(continues), CS=collection set, F=free, TAMS=top-at-mark-start, PB=parsable bottom
|   0|0x0000000720e00000, 0x0000000721000000, 0x0000000721000000|100%|HS|  |TAMS 0x0000000720e00000| PB 0x0000000720e00000| Complete |  0
|   1|0x0000000721000000, 0x0000000721200000, 0x0000000721200000|100%|HS|  |TAMS 0x0000000721000000| PB 0x0000000721000000| Complete |  0
|   2|0x0000000721200000, 0x0000000721400000, 0x0000000721400000|100%| O|  |TAMS 0x0000000721200000| PB 0x0000000721200000| Untracked |  0
|   3|0x0000000721400000, 0x0000000721600000, 0x0000000721600000|100%| O|  |TAMS 0x0000000721400000| PB 0x0000000721400000| Untracked |  0
|   4|0x0000000721600000, 0x0000000721800000, 0x0000000721800000|100%| O|  |TAMS 0x0000000721600000| PB 0x0000000721600000| Untracked |  0
|   5|0x0000000721800000, 0x0000000721a00000, 0x0000000721a00000|100%| O|  |TAMS 0x0000000721800000| PB 0x0000000721800000| Untracked |  0
|   6|0x0000000721a00000, 0x0000000721c00000, 0x0000000721c00000|100%| O|  |TAMS 0x0000000721a00000| PB 0x0000000721a00000| Untracked |  0
|   7|0x0000000721c00000, 0x0000000721e00000, 0x0000000721e00000|100%| O|  |TAMS 0x0000000721c00000| PB 0x0000000721c00000| Untracked |  0
|   8|0x0000000721e00000, 0x0000000721e20400, 0x0000000722000000|  6%| O|  |TAMS 0x0000000721e00000| PB 0x0000000721e00000| Untracked |  0
|   9|0x0000000722000000, 0x0000000722000000, 0x0000000722200000|  0%| F|  |TAMS 0x0000000722000000| PB 0x0000000722000000| Untracked |  0
|  10|0x0000000722200000, 0x0000000722400000, 0x0000000722400000|100%| E|  |TAMS 0x0000000722200000| PB 0x0000000722200000| Complete |  0
|  11|0x0000000722400000, 0x0000000722600000, 0x0000000722600000|100%| E|CS|TAMS 0x0000000722400000| PB 0x0000000722400000| Complete |  0
|  12|0x0000000722600000, 0x0000000722800000, 0x0000000722800000|100%| E|CS|TAMS 0x0000000722600000| PB 0x0000000722600000| Complete |  0
|  13|0x0000000722800000, 0x0000000722a00000, 0x0000000722a00000|100%| E|CS|TAMS 0x0000000722800000| PB 0x0000000722800000| Complete |  0
|  14|0x0000000722a00000, 0x0000000722c00000, 0x0000000722c00000|100%| E|CS|TAMS 0x0000000722a00000| PB 0x0000000722a00000| Complete |  0
|  15|0x0000000722c00000, 0x0000000722e00000, 0x0000000722e00000|100%| E|CS|TAMS 0x0000000722c00000| PB 0x0000000722c00000| Complete |  0
|  16|0x0000000722e00000, 0x0000000723000000, 0x0000000723000000|100%| E|CS|TAMS 0x0000000722e00000| PB 0x0000000722e00000| Complete |  0
|  17|0x0000000723000000, 0x0000000723200000, 0x0000000723200000|100%| E|CS|TAMS 0x0000000723000000| PB 0x0000000723000000| Complete |  0
|  18|0x0000000723200000, 0x0000000723400000, 0x0000000723400000|100%| E|CS|TAMS 0x0000000723200000| PB 0x0000000723200000| Complete |  0
|  19|0x0000000723400000, 0x0000000723600000, 0x0000000723600000|100%| E|CS|TAMS 0x0000000723400000| PB 0x0000000723400000| Complete |  0
|  20|0x0000000723600000, 0x0000000723800000, 0x0000000723800000|100%| E|CS|TAMS 0x0000000723600000| PB 0x0000000723600000| Complete |  0
|  21|0x0000000723800000, 0x0000000723a00000, 0x0000000723a00000|100%| E|CS|TAMS 0x0000000723800000| PB 0x0000000723800000| Complete |  0
|  22|0x0000000723a00000, 0x0000000723c00000, 0x0000000723c00000|100%| E|CS|TAMS 0x0000000723a00000| PB 0x0000000723a00000| Complete |  0
|  23|0x0000000723c00000, 0x0000000723e00000, 0x0000000723e00000|100%| E|CS|TAMS 0x0000000723c00000| PB 0x0000000723c00000| Complete |  0
|  24|0x0000000723e00000, 0x0000000724000000, 0x0000000724000000|100%| E|CS|TAMS 0x0000000723e00000| PB 0x0000000723e00000| Complete |  0
|  25|0x0000000724000000, 0x0000000724200000, 0x0000000724200000|100%| E|CS|TAMS 0x0000000724000000| PB 0x0000000724000000| Complete |  0
|  26|0x0000000724200000, 0x0000000724400000, 0x0000000724400000|100%| E|CS|TAMS 0x0000000724200000| PB 0x0000000724200000| Complete |  0
|  27|0x0000000724400000, 0x0000000724600000, 0x0000000724600000|100%| E|CS|TAMS 0x0000000724400000| PB 0x0000000724400000| Complete |  0
|  28|0x0000000724600000, 0x0000000724800000, 0x0000000724800000|100%| E|CS|TAMS 0x0000000724600000| PB 0x0000000724600000| Complete |  0
|  29|0x0000000724800000, 0x0000000724a00000, 0x0000000724a00000|100%| E|CS|TAMS 0x0000000724800000| PB 0x0000000724800000| Complete |  0
|  30|0x0000000724a00000, 0x0000000724c00000, 0x0000000724c00000|100%| E|CS|TAMS 0x0000000724a00000| PB 0x0000000724a00000| Complete |  0
|  31|0x0000000724c00000, 0x0000000724e00000, 0x0000000724e00000|100%| E|CS|TAMS 0x0000000724c00000| PB 0x0000000724c00000| Complete |  0
|  32|0x0000000724e00000, 0x0000000725000000, 0x0000000725000000|100%| E|CS|TAMS 0x0000000724e00000| PB 0x0000000724e00000| Complete |  0
|  33|0x0000000725000000, 0x0000000725200000, 0x0000000725200000|100%| E|CS|TAMS 0x0000000725000000| PB 0x0000000725000000| Complete |  0
|  34|0x0000000725200000, 0x0000000725400000, 0x0000000725400000|100%| E|CS|TAMS 0x0000000725200000| PB 0x0000000725200000| Complete |  0
|  35|0x0000000725400000, 0x0000000725600000, 0x0000000725600000|100%| E|CS|TAMS 0x0000000725400000| PB 0x0000000725400000| Complete |  0
|  36|0x0000000725600000, 0x0000000725800000, 0x0000000725800000|100%| E|CS|TAMS 0x0000000725600000| PB 0x0000000725600000| Complete |  0
|  37|0x0000000725800000, 0x0000000725a00000, 0x0000000725a00000|100%| E|CS|TAMS 0x0000000725800000| PB 0x0000000725800000| Complete |  0
|  38|0x0000000725a00000, 0x0000000725c00000, 0x0000000725c00000|100%| E|CS|TAMS 0x0000000725a00000| PB 0x0000000725a00000| Complete |  0
|  39|0x0000000725c00000, 0x0000000725dffa48, 0x0000000725e00000| 99%| E|  |TAMS 0x0000000725c00000| PB 0x0000000725c00000| Complete |  0
|  40|0x0000000725e00000, 0x0000000726000000, 0x0000000726000000|100%| E|CS|TAMS 0x0000000725e00000| PB 0x0000000725e00000| Complete |  0
|  83|0x000000072b400000, 0x000000072b59ff20, 0x000000072b600000| 81%| S|CS|TAMS 0x000000072b400000| PB 0x000000072b400000| Complete |  0
|  84|0x000000072b600000, 0x000000072b800000, 0x000000072b800000|100%| S|CS|TAMS 0x000000072b600000| PB 0x000000072b600000| Complete |  0
|  85|0x000000072b800000, 0x000000072ba00000, 0x000000072ba00000|100%| S|CS|TAMS 0x000000072b800000| PB 0x000000072b800000| Complete |  0
|  86|0x000000072ba00000, 0x000000072bc00000, 0x000000072bc00000|100%| S|CS|TAMS 0x000000072ba00000| PB 0x000000072ba00000| Complete |  0
| 111|0x000000072ec00000, 0x000000072ee00000, 0x000000072ee00000|100%| E|CS|TAMS 0x000000072ec00000| PB 0x000000072ec00000| Complete |  0
|1784|0x00000007ffe00000, 0x00000007fff1d1c0, 0x0000000800000000| 55%| O|Cm|TAMS 0x00000007ffe00000| PB 0x00000007ffe00000| Complete |  0

Card table byte_map: [0x0000018b773f0000,0x0000018b77af0000] _byte_map_base: 0x0000018b73ae9000

Marking Bits: (CMBitMap*) 0x0000018b6e196240
 Bits: [0x0000018b77af0000, 0x0000018b7b2b8000)

Polling page: 0x0000018b6d750000

Metaspace:

Usage:
  Non-class:     24.63 MB used.
      Class:      2.72 MB used.
       Both:     27.34 MB used.

Virtual space:
  Non-class space:       64.00 MB reserved,      24.88 MB ( 39%) committed,  1 nodes.
      Class space:        1.00 GB reserved,       2.88 MB ( <1%) committed,  1 nodes.
             Both:        1.06 GB reserved,      27.75 MB (  3%) committed. 

Chunk freelists:
   Non-Class:  6.20 MB
       Class:  13.17 MB
        Both:  19.38 MB

MaxMetaspaceSize: unlimited
CompressedClassSpaceSize: 1.00 GB
Initial GC threshold: 21.00 MB
Current GC threshold: 35.44 MB
CDS: on
 - commit_granule_bytes: 65536.
 - commit_granule_words: 8192.
 - virtual_space_node_default_size: 8388608.
 - enlarge_chunks_in_place: 1.
UseCompressedClassPointers 1, UseCompactObjectHeaders 0
Narrow klass pointer bits 32, Max shift 3
Narrow klass base: 0x0000018b0f000000, Narrow klass shift: 0
Encoding Range: [0x0000018b0f000000 - 0x0000018c0f000000), (4294967296 bytes)
Klass Range:    [0x0000018b0f000000 - 0x0000018b50000000), (1090519040 bytes)
Klass ID Range:  [8 - 1090519033) (1090519025)


Internal statistics:

num_allocs_failed_limit: 3.
num_arena_births: 302.
num_arena_deaths: 0.
num_vsnodes_births: 2.
num_vsnodes_deaths: 0.
num_space_committed: 444.
num_space_uncommitted: 0.
num_chunks_returned_to_freelist: 3.
num_chunks_taken_from_freelist: 1293.
num_chunk_merges: 3.
num_chunk_splits: 921.
num_chunks_enlarged: 725.
num_inconsistent_stats: 0.

CodeHeap 'non-profiled nmethods': size=120064Kb used=3006Kb max_used=3006Kb free=117057Kb
 bounds [0x0000018b07ac0000, 0x0000018b07db0000, 0x0000018b0f000000]
CodeHeap 'profiled nmethods': size=120000Kb used=12580Kb max_used=12580Kb free=107419Kb
 bounds [0x0000018b00000000, 0x0000018b00c50000, 0x0000018b07530000]
CodeHeap 'non-nmethods': size=5696Kb used=1401Kb max_used=1522Kb free=4295Kb
 bounds [0x0000018b07530000, 0x0000018b077a0000, 0x0000018b07ac0000]
CodeCache: size=245760Kb, used=16987Kb, max_used=17108Kb, free=228771Kb
 total_blobs=7354, nmethods=6795, adapters=462, full_count=0
Compilation: enabled, stopped_count=0, restarted_count=0

Compilation events (20 events):
Event: 11.569 Thread 0x0000018b7dd23510 6751       3       java.text.MessageFormat::applyPatternImpl (422 bytes)
Event: 11.573 Thread 0x0000018b7dd23510 nmethod 6751 0x0000018b00c29e08 code [0x0000018b00c2a220, 0x0000018b00c2d760]
Event: 11.573 Thread 0x0000018b7dd23510 6750       3       java.text.StringBufFactory$StringBuilderImpl::append (11 bytes)
Event: 11.574 Thread 0x0000018b7dd23510 nmethod 6750 0x0000018b00c2d808 code [0x0000018b00c2d920, 0x0000018b00c2db60]
Event: 11.574 Thread 0x0000018b7dd23510 6752   !   3       com.sun.tools.javac.util.AbstractDiagnosticFormatter::formatArgument (401 bytes)
Event: 11.577 Thread 0x0000018b7dd23510 nmethod 6752 0x0000018b00c2db88 code [0x0000018b00c2e040, 0x0000018b00c31ef0]
Event: 11.577 Thread 0x0000018b7dd23510 6748       3       java.util.ArrayList$SubList::toArray (79 bytes)
Event: 11.578 Thread 0x0000018b7dd23510 nmethod 6748 0x0000018b00c32008 code [0x0000018b00c32180, 0x0000018b00c328f0]
Event: 11.618 Thread 0x0000018b7dd23510 6753       3       java.util.ResourceBundle::getObject (82 bytes)
Event: 11.619 Thread 0x0000018b7dd23510 nmethod 6753 0x0000018b00c32988 code [0x0000018b00c32bc0, 0x0000018b00c33cb0]
Event: 11.619 Thread 0x0000018b7dd23510 6754       3       java.util.ListResourceBundle::handleGetObject (34 bytes)
Event: 11.619 Thread 0x0000018b7dd23510 nmethod 6754 0x0000018b00c33d08 code [0x0000018b00c33e60, 0x0000018b00c341c0]
Event: 11.619 Thread 0x0000018b7dd23510 6755       3       java.net.URI$Parser::<init> (30 bytes)
Event: 11.619 Thread 0x0000018b7dd23510 nmethod 6755 0x0000018b00c34208 code [0x0000018b00c34320, 0x0000018b00c345d0]
Event: 11.619 Thread 0x0000018b7dd23510 6756       3       java.text.Format::<init> (5 bytes)
Event: 11.620 Thread 0x0000018b7dd23510 nmethod 6756 0x0000018b00c34608 code [0x0000018b00c34720, 0x0000018b00c34880]
Event: 11.620 Thread 0x0000018b7dd23510 6757       3       java.util.ResourceBundle::getString (9 bytes)
Event: 11.620 Thread 0x0000018b7dd23510 nmethod 6757 0x0000018b00c34908 code [0x0000018b00c34a20, 0x0000018b00c34ca8]
Event: 11.630 Thread 0x0000018b7dd23510 6758       3       jdk.nio.zipfs.ZipFileSystem::beginWrite (15 bytes)
Event: 11.631 Thread 0x0000018b7dd23510 nmethod 6758 0x0000018b00c34d08 code [0x0000018b00c34e40, 0x0000018b00c35230]

GC Heap History (6 events):
Event: 6.414 GC heap before
{Heap before GC invocations=0 (full 0):
 garbage-first heap   total reserved 3655680K, committed 231424K, used 50292K [0x0000000720e00000, 0x0000000800000000)
  region size 2048K, 24 young (49152K), 0 survivors (0K)
 Metaspace       used 9575K, committed 9728K, reserved 1114112K
  class space    used 874K, committed 960K, reserved 1048576K
}
Event: 6.418 GC heap after
{Heap after GC invocations=1 (full 0):
 garbage-first heap   total reserved 3655680K, committed 231424K, used 5697K [0x0000000720e00000, 0x0000000800000000)
  region size 2048K, 3 young (6144K), 3 survivors (6144K)
 Metaspace       used 9575K, committed 9728K, reserved 1114112K
  class space    used 874K, committed 960K, reserved 1048576K
}
Event: 8.350 GC heap before
{Heap before GC invocations=1 (full 0):
 garbage-first heap   total reserved 3655680K, committed 231424K, used 104001K [0x0000000720e00000, 0x0000000800000000)
  region size 2048K, 51 young (104448K), 3 survivors (6144K)
 Metaspace       used 16128K, committed 16384K, reserved 1114112K
  class space    used 1559K, committed 1664K, reserved 1048576K
}
Event: 8.364 GC heap after
{Heap after GC invocations=2 (full 0):
 garbage-first heap   total reserved 3655680K, committed 231424K, used 15005K [0x0000000720e00000, 0x0000000800000000)
  region size 2048K, 7 young (14336K), 7 survivors (14336K)
 Metaspace       used 16128K, committed 16384K, reserved 1114112K
  class space    used 1559K, committed 1664K, reserved 1048576K
}
Event: 9.642 GC heap before
{Heap before GC invocations=2 (full 0):
 garbage-first heap   total reserved 3655680K, committed 231424K, used 68253K [0x0000000720e00000, 0x0000000800000000)
  region size 2048K, 32 young (65536K), 7 survivors (14336K)
 Metaspace       used 21192K, committed 21504K, reserved 1114112K
  class space    used 2062K, committed 2176K, reserved 1048576K
}
Event: 9.658 GC heap after
{Heap after GC invocations=3 (full 0):
 garbage-first heap   total reserved 3655680K, committed 231424K, used 25461K [0x0000000720e00000, 0x0000000800000000)
  region size 2048K, 4 young (8192K), 4 survivors (8192K)
 Metaspace       used 21192K, committed 21504K, reserved 1114112K
  class space    used 2062K, committed 2176K, reserved 1048576K
}

Dll operation events (8 events):
Event: 0.010 Loaded shared library C:\Program Files\Java\jdk-24\bin\java.dll
Event: 0.036 Loaded shared library C:\Program Files\Java\jdk-24\bin\jsvml.dll
Event: 0.062 Loaded shared library C:\Program Files\Java\jdk-24\bin\net.dll
Event: 0.064 Loaded shared library C:\Program Files\Java\jdk-24\bin\nio.dll
Event: 0.122 Loaded shared library C:\Program Files\Java\jdk-24\bin\zip.dll
Event: 4.590 Loaded shared library C:\Program Files\Java\jdk-24\bin\jimage.dll
Event: 4.667 Loaded shared library D:\2025\DEV TOOLS\apache-maven-3.9.10-bin\apache-maven-3.9.10\lib\jansi-native\Windows\x86_64\jansi.dll
Event: 4.684 Loaded shared library C:\Program Files\Java\jdk-24\bin\verify.dll

Deoptimization events (20 events):
Event: 11.359 Thread 0x0000018b6bdf82a0 Uncommon trap: trap_request=0xffffffde fr.pc=0x0000018b07d90988 relative=0x0000000000000708
Event: 11.359 Thread 0x0000018b6bdf82a0 Uncommon trap: reason=class_check action=maybe_recompile pc=0x0000018b07d90988 method=java.util.HashMap.removeNode(ILjava/lang/Object;Ljava/lang/Object;ZZ)Ljava/util/HashMap$Node; @ 143 c2
Event: 11.359 Thread 0x0000018b6bdf82a0 DEOPT PACKING pc=0x0000018b07d90988 sp=0x0000008686bfa5c0
Event: 11.359 Thread 0x0000018b6bdf82a0 DEOPT UNPACKING pc=0x0000018b07646702 sp=0x0000008686bfa4b8 mode 2
Event: 11.360 Thread 0x0000018b6bdf82a0 Uncommon trap: trap_request=0xffffffde fr.pc=0x0000018b07d90988 relative=0x0000000000000708
Event: 11.360 Thread 0x0000018b6bdf82a0 Uncommon trap: reason=class_check action=maybe_recompile pc=0x0000018b07d90988 method=java.util.HashMap.removeNode(ILjava/lang/Object;Ljava/lang/Object;ZZ)Ljava/util/HashMap$Node; @ 143 c2
Event: 11.360 Thread 0x0000018b6bdf82a0 DEOPT PACKING pc=0x0000018b07d90988 sp=0x0000008686bfa5c0
Event: 11.360 Thread 0x0000018b6bdf82a0 DEOPT UNPACKING pc=0x0000018b07646702 sp=0x0000008686bfa4b8 mode 2
Event: 11.360 Thread 0x0000018b6bdf82a0 Uncommon trap: trap_request=0xffffffde fr.pc=0x0000018b07d90988 relative=0x0000000000000708
Event: 11.360 Thread 0x0000018b6bdf82a0 Uncommon trap: reason=class_check action=maybe_recompile pc=0x0000018b07d90988 method=java.util.HashMap.removeNode(ILjava/lang/Object;Ljava/lang/Object;ZZ)Ljava/util/HashMap$Node; @ 143 c2
Event: 11.360 Thread 0x0000018b6bdf82a0 DEOPT PACKING pc=0x0000018b07d90988 sp=0x0000008686bfa5c0
Event: 11.360 Thread 0x0000018b6bdf82a0 DEOPT UNPACKING pc=0x0000018b07646702 sp=0x0000008686bfa4b8 mode 2
Event: 11.401 Thread 0x0000018b6bdf82a0 Uncommon trap: trap_request=0xfffffff4 fr.pc=0x0000018b07b6c4b4 relative=0x0000000000000214
Event: 11.401 Thread 0x0000018b6bdf82a0 Uncommon trap: reason=null_check action=make_not_entrant pc=0x0000018b07b6c4b4 method=java.util.stream.Nodes$FixedNodeBuilder.accept(Ljava/lang/Object;)V @ 28 c2
Event: 11.401 Thread 0x0000018b6bdf82a0 DEOPT PACKING pc=0x0000018b07b6c4b4 sp=0x0000008686bfb990
Event: 11.401 Thread 0x0000018b6bdf82a0 DEOPT UNPACKING pc=0x0000018b07646702 sp=0x0000008686bfb910 mode 2
Event: 11.415 Thread 0x0000018b6bdf82a0 Uncommon trap: trap_request=0xffffffde fr.pc=0x0000018b07d90988 relative=0x0000000000000708
Event: 11.415 Thread 0x0000018b6bdf82a0 Uncommon trap: reason=class_check action=maybe_recompile pc=0x0000018b07d90988 method=java.util.HashMap.removeNode(ILjava/lang/Object;Ljava/lang/Object;ZZ)Ljava/util/HashMap$Node; @ 143 c2
Event: 11.415 Thread 0x0000018b6bdf82a0 DEOPT PACKING pc=0x0000018b07d90988 sp=0x0000008686bfa7a0
Event: 11.415 Thread 0x0000018b6bdf82a0 DEOPT UNPACKING pc=0x0000018b07646702 sp=0x0000008686bfa698 mode 2

Classes loaded (20 events):
Event: 11.253 Loading class java/util/function/ToIntBiFunction
Event: 11.253 Loading class java/util/function/ToIntBiFunction done
Event: 11.277 Loading class java/util/EnumMap$EntrySet
Event: 11.277 Loading class java/util/EnumMap$EntrySet done
Event: 11.277 Loading class java/util/EnumMap$EntryIterator
Event: 11.277 Loading class java/util/EnumMap$EnumMapIterator
Event: 11.277 Loading class java/util/EnumMap$EnumMapIterator done
Event: 11.277 Loading class java/util/EnumMap$EntryIterator done
Event: 11.277 Loading class java/util/EnumMap$EntryIterator$Entry
Event: 11.277 Loading class java/util/EnumMap$EntryIterator$Entry done
Event: 11.539 Loading class java/util/EnumMap$Values
Event: 11.539 Loading class java/util/EnumMap$Values done
Event: 11.539 Loading class java/util/EnumMap$ValueIterator
Event: 11.539 Loading class java/util/EnumMap$ValueIterator done
Event: 11.543 Loading class java/util/WeakHashMap$KeyIterator
Event: 11.543 Loading class java/util/WeakHashMap$HashIterator
Event: 11.543 Loading class java/util/WeakHashMap$HashIterator done
Event: 11.543 Loading class java/util/WeakHashMap$KeyIterator done
Event: 11.556 Loading class java/text/MessageFormat$Field
Event: 11.556 Loading class java/text/MessageFormat$Field done

Classes unloaded (0 events):
No events

Classes redefined (0 events):
No events

Internal exceptions (20 events):
Event: 11.172 Thread 0x0000018b6bdf82a0 Exception <a 'sun/nio/fs/WindowsException'{0x0000000722cabbc8}> (0x0000000722cabbc8) 
thrown [s\open\src\hotspot\share\prims\jni.cpp, line 518]
Event: 11.210 Thread 0x0000018b6bdf82a0 Exception <a 'sun/nio/fs/WindowsException'{0x0000000722d16328}> (0x0000000722d16328) 
thrown [s\open\src\hotspot\share\prims\jni.cpp, line 518]
Event: 11.210 Thread 0x0000018b6bdf82a0 Exception <a 'sun/nio/fs/WindowsException'{0x0000000722d16a58}> (0x0000000722d16a58) 
thrown [s\open\src\hotspot\share\prims\jni.cpp, line 518]
Event: 11.211 Thread 0x0000018b6bdf82a0 Exception <a 'sun/nio/fs/WindowsException'{0x0000000722d170e8}> (0x0000000722d170e8) 
thrown [s\open\src\hotspot\share\prims\jni.cpp, line 518]
Event: 11.211 Thread 0x0000018b6bdf82a0 Exception <a 'sun/nio/fs/WindowsException'{0x0000000722d177d0}> (0x0000000722d177d0) 
thrown [s\open\src\hotspot\share\prims\jni.cpp, line 518]
Event: 11.211 Thread 0x0000018b6bdf82a0 Exception <a 'sun/nio/fs/WindowsException'{0x0000000722d17ea0}> (0x0000000722d17ea0) 
thrown [s\open\src\hotspot\share\prims\jni.cpp, line 518]
Event: 11.247 Thread 0x0000018b6bdf82a0 Exception <a 'sun/nio/fs/WindowsException'{0x0000000722d23450}> (0x0000000722d23450) 
thrown [s\open\src\hotspot\share\prims\jni.cpp, line 518]
Event: 11.247 Thread 0x0000018b6bdf82a0 Exception <a 'sun/nio/fs/WindowsException'{0x0000000722d23ba0}> (0x0000000722d23ba0) 
thrown [s\open\src\hotspot\share\prims\jni.cpp, line 518]
Event: 11.254 Thread 0x0000018b6bdf82a0 Exception <a 'sun/nio/fs/WindowsException'{0x0000000722d37180}> (0x0000000722d37180) 
thrown [s\open\src\hotspot\share\prims\jni.cpp, line 518]
Event: 11.254 Thread 0x0000018b6bdf82a0 Exception <a 'sun/nio/fs/WindowsException'{0x0000000722d378e0}> (0x0000000722d378e0) 
thrown [s\open\src\hotspot\share\prims\jni.cpp, line 518]
Event: 11.266 Thread 0x0000018b6bdf82a0 Exception <a 'java/lang/NoSuchMethodError'{0x0000000722d5c9e8}: 'int java.lang.invoke.DirectMethodHandle$Holder.invokeVirtual(java.lang.Object, java.lang.Object, java.lang.Object, java.lang.Object)'> (0x0000000722d5c9e8) 
thrown [s\open\src\hotspot\share\interpreter\linkResolver.cpp, line 805]
Event: 11.267 Thread 0x0000018b6bdf82a0 Exception <a 'java/lang/NoSuchMethodError'{0x0000000722d755c8}: 'java.lang.Object java.lang.invoke.DirectMethodHandle$Holder.newInvokeSpecial(java.lang.Object, java.lang.Object, int, java.lang.Object)'> (0x0000000722d755c8) 
thrown [s\open\src\hotspot\share\interpreter\linkResolver.cpp, line 805]
Event: 11.273 Thread 0x0000018b6bdf82a0 Implicit null exception at 0x0000018b07d66656 to 0x0000018b07d66940
Event: 11.283 Thread 0x0000018b6bdf82a0 Exception <a 'sun/nio/fs/WindowsException'{0x0000000722dcca18}> (0x0000000722dcca18) 
thrown [s\open\src\hotspot\share\prims\jni.cpp, line 518]
Event: 11.284 Thread 0x0000018b6bdf82a0 Exception <a 'sun/nio/fs/WindowsException'{0x0000000722dda2c0}> (0x0000000722dda2c0) 
thrown [s\open\src\hotspot\share\prims\jni.cpp, line 518]
Event: 11.285 Thread 0x0000018b6bdf82a0 Exception <a 'sun/nio/fs/WindowsException'{0x0000000722dfecd0}> (0x0000000722dfecd0) 
thrown [s\open\src\hotspot\share\prims\jni.cpp, line 518]
Event: 11.285 Thread 0x0000018b6bdf82a0 Exception <a 'sun/nio/fs/WindowsException'{0x0000000722a000e8}> (0x0000000722a000e8) 
thrown [s\open\src\hotspot\share\prims\jni.cpp, line 518]
Event: 11.306 Thread 0x0000018b6bdf82a0 Exception <a 'java/lang/NoSuchMethodError'{0x0000000722aa5c38}: 'java.lang.Object java.lang.invoke.DirectMethodHandle$Holder.newInvokeSpecial(java.lang.Object, java.lang.Object, java.lang.Object, java.lang.Object, java.lang.Object, java.lang.Object, java.lang.Object, java.lang.Object)'> (0x0000000722aa5c38) 
thrown [s\open\src\hotspot\share\interpreter\linkResolver.cpp, line 805]
Event: 11.328 Thread 0x0000018b6bdf82a0 Exception <a 'java/lang/NoSuchMethodError'{0x0000000722b56c30}: 'java.lang.Object java.lang.invoke.DirectMethodHandle$Holder.newInvokeSpecial(java.lang.Object, java.lang.Object, java.lang.Object, java.lang.Object, java.lang.Object, java.lang.Object, java.lang.Object, int)'> (0x0000000722b56c30) 
thrown [s\open\src\hotspot\share\interpreter\linkResolver.cpp, line 805]
Event: 11.401 Thread 0x0000018b6bdf82a0 Implicit null exception at 0x0000018b07b6c2f0 to 0x0000018b07b6c4a4

VM Operations (20 events):
Event: 9.485 Executing VM operation: HandshakeAllThreads (Deoptimize)
Event: 9.485 Executing VM operation: HandshakeAllThreads (Deoptimize) done
Event: 9.494 Executing VM operation: HandshakeAllThreads (Deoptimize)
Event: 9.494 Executing VM operation: HandshakeAllThreads (Deoptimize) done
Event: 9.642 Executing VM operation: CollectForMetadataAllocation (Metadata GC Threshold)
Event: 9.658 Executing VM operation: CollectForMetadataAllocation (Metadata GC Threshold) done
Event: 9.666 Executing VM operation: G1PauseRemark
Event: 9.669 Executing VM operation: G1PauseRemark done
Event: 9.674 Executing VM operation: G1PauseCleanup
Event: 9.683 Executing VM operation: G1PauseCleanup done
Event: 11.124 Executing VM operation: HandshakeAllThreads (Deoptimize)
Event: 11.124 Executing VM operation: HandshakeAllThreads (Deoptimize) done
Event: 11.156 Executing VM operation: HandshakeAllThreads (Deoptimize)
Event: 11.156 Executing VM operation: HandshakeAllThreads (Deoptimize) done
Event: 11.158 Executing VM operation: HandshakeAllThreads (Deoptimize)
Event: 11.158 Executing VM operation: HandshakeAllThreads (Deoptimize) done
Event: 11.280 Executing VM operation: HandshakeAllThreads (Deoptimize)
Event: 11.280 Executing VM operation: HandshakeAllThreads (Deoptimize) done
Event: 11.281 Executing VM operation: HandshakeAllThreads (Deoptimize)
Event: 11.281 Executing VM operation: HandshakeAllThreads (Deoptimize) done

Memory protections (0 events):
No events

Nmethod flushes (0 events):
No events

Events (20 events):
Event: 0.034 Thread 0x0000018b6bdf82a0 Thread added: 0x0000018b7dd02b90
Event: 0.034 Thread 0x0000018b6bdf82a0 Thread added: 0x0000018b7dd03cb0
Event: 0.034 Thread 0x0000018b6bdf82a0 Thread added: 0x0000018b7dd04b30
Event: 0.034 Thread 0x0000018b6bdf82a0 Thread added: 0x0000018b7dd05660
Event: 0.034 Thread 0x0000018b6bdf82a0 Thread added: 0x0000018b7dd062c0
Event: 0.034 Thread 0x0000018b6bdf82a0 Thread added: 0x0000018b7dd06f20
Event: 0.034 Thread 0x0000018b6bdf82a0 Thread added: 0x0000018b7dd23510
Event: 0.056 Thread 0x0000018b6bdf82a0 Thread added: 0x0000018b54155ea0
Event: 0.059 Thread 0x0000018b6bdf82a0 Thread added: 0x0000018b54158060
Event: 0.441 Thread 0x0000018b7dd23510 Thread added: 0x0000018b541c0ec0
Event: 0.727 Thread 0x0000018b541c0ec0 Thread exited: 0x0000018b541c0ec0
Event: 4.588 Thread 0x0000018b6bdf82a0 Thread added: 0x0000018b5440e070
Event: 4.601 Thread 0x0000018b5440e070 Thread exited: 0x0000018b5440e070
Event: 5.295 Thread 0x0000018b7dd23510 Thread added: 0x0000018b54bc9990
Event: 5.632 Thread 0x0000018b54bc9990 Thread exited: 0x0000018b54bc9990
Event: 5.724 Thread 0x0000018b7dd23510 Thread added: 0x0000018b54d256b0
Event: 5.748 Thread 0x0000018b7dd06f20 Thread added: 0x0000018b54eb2790
Event: 6.331 Thread 0x0000018b54eb2790 Thread exited: 0x0000018b54eb2790
Event: 7.013 Thread 0x0000018b6bdf82a0 Thread added: 0x0000018b554107a0
Event: 7.165 Thread 0x0000018b7dd23510 Thread added: 0x0000018b555cdec0


Dynamic libraries:
0x00007ff791bd0000 - 0x00007ff791be0000 	C:\Program Files\Java\jdk-24\bin\java.exe
0x00007ffc48c60000 - 0x00007ffc48ec5000 	C:\WINDOWS\SYSTEM32\ntdll.dll
0x00007ffc47bc0000 - 0x00007ffc47c89000 	C:\WINDOWS\System32\KERNEL32.DLL
0x00007ffc46580000 - 0x00007ffc46968000 	C:\WINDOWS\System32\KERNELBASE.dll
0x00007ffc42e60000 - 0x00007ffc42efe000 	C:\WINDOWS\SYSTEM32\apphelp.dll
0x00007ffc462e0000 - 0x00007ffc4642b000 	C:\WINDOWS\System32\ucrtbase.dll
0x00007ffc351b0000 - 0x00007ffc351cb000 	C:\Program Files\Java\jdk-24\bin\VCRUNTIME140.dll
0x00007ffc3e4c0000 - 0x00007ffc3e4d6000 	C:\Program Files\Java\jdk-24\bin\jli.dll
0x00007ffc47cc0000 - 0x00007ffc47e8a000 	C:\WINDOWS\System32\USER32.dll
0x00007ffc31150000 - 0x00007ffc313ea000 	C:\WINDOWS\WinSxS\amd64_microsoft.windows.common-controls_6595b64144ccf1df_6.0.26100.4202_none_3e0698d4e335f517\COMCTL32.dll
0x00007ffc45db0000 - 0x00007ffc45dd7000 	C:\WINDOWS\System32\win32u.dll
0x00007ffc48620000 - 0x00007ffc486c9000 	C:\WINDOWS\System32\msvcrt.dll
0x00007ffc46d80000 - 0x00007ffc46dab000 	C:\WINDOWS\System32\GDI32.dll
0x00007ffc461a0000 - 0x00007ffc462d7000 	C:\WINDOWS\System32\gdi32full.dll
0x00007ffc464d0000 - 0x00007ffc46573000 	C:\WINDOWS\System32\msvcp_win.dll
0x00007ffc478b0000 - 0x00007ffc478e0000 	C:\WINDOWS\System32\IMM32.DLL
0x00007ffc379a0000 - 0x00007ffc379ac000 	C:\Program Files\Java\jdk-24\bin\vcruntime140_1.dll
0x00007ffc0c7d0000 - 0x00007ffc0c85e000 	C:\Program Files\Java\jdk-24\bin\msvcp140.dll
0x00007ffbcc7a0000 - 0x00007ffbcd542000 	C:\Program Files\Java\jdk-24\bin\server\jvm.dll
0x00007ffc48b60000 - 0x00007ffc48c13000 	C:\WINDOWS\System32\ADVAPI32.dll
0x00007ffc46a70000 - 0x00007ffc46b16000 	C:\WINDOWS\System32\sechost.dll
0x00007ffc478f0000 - 0x00007ffc47a05000 	C:\WINDOWS\System32\RPCRT4.dll
0x00007ffc47020000 - 0x00007ffc47094000 	C:\WINDOWS\System32\WS2_32.dll
0x00007ffc45c00000 - 0x00007ffc45c5e000 	C:\WINDOWS\SYSTEM32\POWRPROF.dll
0x00007ffc3d700000 - 0x00007ffc3d735000 	C:\WINDOWS\SYSTEM32\WINMM.dll
0x00007ffc3d740000 - 0x00007ffc3d74b000 	C:\WINDOWS\SYSTEM32\VERSION.dll
0x00007ffc45be0000 - 0x00007ffc45bf4000 	C:\WINDOWS\SYSTEM32\UMPDC.dll
0x00007ffc44b70000 - 0x00007ffc44b8b000 	C:\WINDOWS\SYSTEM32\kernel.appcore.dll
0x00007ffc376e0000 - 0x00007ffc376ea000 	C:\Program Files\Java\jdk-24\bin\jimage.dll
0x00007ffc35d70000 - 0x00007ffc35fb1000 	C:\WINDOWS\SYSTEM32\DBGHELP.DLL
0x00007ffc486e0000 - 0x00007ffc48a65000 	C:\WINDOWS\System32\combase.dll
0x00007ffc47e90000 - 0x00007ffc47f71000 	C:\WINDOWS\System32\OLEAUT32.dll
0x00007ffc304d0000 - 0x00007ffc30509000 	C:\WINDOWS\SYSTEM32\dbgcore.DLL
0x00007ffc46430000 - 0x00007ffc464c9000 	C:\WINDOWS\System32\bcryptPrimitives.dll
0x00007ffc2ee50000 - 0x00007ffc2ee6e000 	C:\Program Files\Java\jdk-24\bin\java.dll
0x00007ffc47a10000 - 0x00007ffc47bae000 	C:\WINDOWS\System32\ole32.dll
0x00007ffc470a0000 - 0x00007ffc477e2000 	C:\WINDOWS\System32\SHELL32.dll
0x00007ffc46020000 - 0x00007ffc46194000 	C:\WINDOWS\System32\wintypes.dll
0x00007ffc43a40000 - 0x00007ffc44298000 	C:\WINDOWS\SYSTEM32\windows.storage.dll
0x00007ffc46db0000 - 0x00007ffc46ea1000 	C:\WINDOWS\System32\SHCORE.dll
0x00007ffc46a00000 - 0x00007ffc46a6a000 	C:\WINDOWS\System32\shlwapi.dll
0x00007ffc45cc0000 - 0x00007ffc45cef000 	C:\WINDOWS\SYSTEM32\profapi.dll
0x00007ffc0c860000 - 0x00007ffc0c937000 	C:\Program Files\Java\jdk-24\bin\jsvml.dll
0x00007ffc31080000 - 0x00007ffc31090000 	C:\Program Files\Java\jdk-24\bin\net.dll
0x00007ffc450e0000 - 0x00007ffc4514a000 	C:\WINDOWS\system32\mswsock.dll
0x00007ffc257f0000 - 0x00007ffc25806000 	C:\Program Files\Java\jdk-24\bin\nio.dll
0x00007ffc11d70000 - 0x00007ffc11d87000 	C:\Program Files\Java\jdk-24\bin\zip.dll
0x00007ffc25850000 - 0x00007ffc25874000 	D:\2025\DEV TOOLS\apache-maven-3.9.10-bin\apache-maven-3.9.10\lib\jansi-native\Windows\x86_64\jansi.dll
0x00007ffc41230000 - 0x00007ffc41240000 	C:\Program Files\Java\jdk-24\bin\verify.dll

JVMTI agents: none

dbghelp: loaded successfully - version: 4.0.5 - missing functions: none
symbol engine: initialized successfully - sym options: 0x614 - pdb path: .;C:\Program Files\Java\jdk-24\bin;C:\WINDOWS\SYSTEM32;C:\WINDOWS\WinSxS\amd64_microsoft.windows.common-controls_6595b64144ccf1df_6.0.26100.4202_none_3e0698d4e335f517;C:\Program Files\Java\jdk-24\bin\server;D:\2025\DEV TOOLS\apache-maven-3.9.10-bin\apache-maven-3.9.10\lib\jansi-native\Windows\x86_64

VM Arguments:
jvm_args: --add-opens=java.base/java.lang=ALL-UNNAMED --enable-native-access=ALL-UNNAMED -Dclassworlds.conf=D:/2025/DEV TOOLS/apache-maven-3.9.10-bin/apache-maven-3.9.10/bin/m2.conf -Dmaven.home=D:/2025/DEV TOOLS/apache-maven-3.9.10-bin/apache-maven-3.9.10 -Dlibrary.jansi.path=D:/2025/DEV TOOLS/apache-maven-3.9.10-bin/apache-maven-3.9.10/lib/jansi-native -Dmaven.multiModuleProjectDirectory=D:/2025/projects/portfolio-api 
java_command: org.codehaus.plexus.classworlds.launcher.Launcher clean package
java_class_path (initial): D:/2025/DEV TOOLS/apache-maven-3.9.10-bin/apache-maven-3.9.10/boot/plexus-classworlds-2.9.0.jar
Launcher Type: SUN_STANDARD

[Global flags]
     intx CICompilerCount                          = 4                                         {product} {ergonomic}
     uint ConcGCThreads                            = 2                                         {product} {ergonomic}
     uint G1ConcRefinementThreads                  = 8                                         {product} {ergonomic}
   size_t G1HeapRegionSize                         = 2097152                                   {product} {ergonomic}
   size_t InitialHeapSize                          = 234881024                                 {product} {ergonomic}
   size_t MarkStackSize                            = 4194304                                   {product} {ergonomic}
   size_t MarkStackSizeMax                         = 536870912                                 {product} {ergonomic}
   size_t MaxHeapSize                              = 3743416320                                {product} {ergonomic}
   size_t MaxNewSize                               = 2246049792                                {product} {ergonomic}
   size_t MinHeapDeltaBytes                        = 2097152                                   {product} {ergonomic}
   size_t MinHeapSize                              = 8388608                                   {product} {ergonomic}
    uintx NonNMethodCodeHeapSize                   = 5832704                                {pd product} {ergonomic}
    uintx NonProfiledCodeHeapSize                  = 122945536                              {pd product} {ergonomic}
    uintx ProfiledCodeHeapSize                     = 122880000                              {pd product} {ergonomic}
    uintx ReservedCodeCacheSize                    = 251658240                              {pd product} {ergonomic}
     bool SegmentedCodeCache                       = true                                      {product} {ergonomic}
   size_t SoftMaxHeapSize                          = 3743416320                             {manageable} {ergonomic}
     bool UseCompressedOops                        = true                           {product lp64_product} {ergonomic}
     bool UseG1GC                                  = true                                      {product} {ergonomic}
     bool UseLargePagesIndividualAllocation        = false                                  {pd product} {ergonomic}

Logging:
Log output configuration:
 #0: stdout all=warning uptime,level,tags foldmultilines=false
 #1: stderr all=off uptime,level,tags foldmultilines=false

Environment Variables:
PATH=C:\Users\boben\anaconda3;C:\Users\boben\anaconda3\Library\mingw-w64\bin;C:\Users\boben\anaconda3\Library\usr\bin;C:\Users\boben\anaconda3\Library\bin;C:\Users\boben\anaconda3\Scripts;C:\Users\boben\anaconda3\bin;C:\Users\boben\anaconda3\condabin;C:\Users\boben\bin;C:\Program Files\Git\mingw64\bin;C:\Program Files\Git\usr\local\bin;C:\Program Files\Git\usr\bin;C:\Program Files\Git\usr\bin;C:\Program Files\Git\mingw64\bin;C:\Program Files\Git\usr\bin;C:\Users\boben\bin;C:\Program Files\Common Files\Oracle\Java\javapath;C:\Program Files\NVIDIA GPU Computing Toolkit\CUDA\v12.3\bin;C:\Program Files\NVIDIA GPU Computing Toolkit\CUDA\v12.3\libnvvp;C:\WINDOWS\system32;C:\WINDOWS;C:\WINDOWS\System32\Wbem;C:\WINDOWS\System32\WindowsPowerShell\v1.0;C:\WINDOWS\System32\OpenSSH;C:\Program Files\Microsoft SQL Server\150\Tools\Binn;C:\Program Files\Microsoft SQL Server\Client SDK\ODBC\170\Tools\Binn;C:\Program Files\dotnet;C:\Program Files (x86)\Windows Kits\10\Windows Performance Toolkit;C:\Program Files (x86)\NVIDIA Corporation\PhysX\Common;C:\Program Files\NVIDIA Corporation\NVIDIA NvDLISR;C:\Program Files\NVIDIA Corporation\Nsight Compute 2023.3.1;D:\xampp\php;C:\Users\boben;C:\Program Files\nodejs;C:\Program Files\Git\cmd;C:\Users\boben\AppData\Local\Pub\Cache\bin;C:\Users\boben\AppData\Roaming\npm;C:\Users\boben\AppData\Local\Google\Cloud SDK\google-cloud-sdk\bin;C:\Program Files\Go\bin;D:\2024\XAMPP\xampp\php;C:\ProgramData\ComposerSetup\bin;C:\Program Files (x86)\Microsoft SQL Server\160\Tools\Binn;C:\Program Files\Microsoft SQL Server\160\Tools\Binn;C:\Program Files\Microsoft SQL Server\160\DTS\Binn;C:\Program Files (x86)\Microsoft SQL Server\160\DTS\Binn;D:\2025\DEV TOOLS\apache-maven-3.9.10-bin\apache-maven-3.9.10\bin;C:\Users\boben\anaconda3\condabin;C:\src\flutter\bin;C:\Program Files\NVIDIA GPU Computing Toolkit\CUDA\v12.3\bin;C:\Program Files\NVIDIA GPU Computing Toolkit\CUDA\v12.3\libnvvp;C:\Windows\system32;C:\Windows;C:\Windows\System32\Wbem;C:\Windows\System32\WindowsPowerShell\v1.0;C:\Windows\System32\OpenSSH;C:\Program Files\Git\cmd;C:\Program Files\Microsoft SQL Server\150\Tools\Binn;C:\Program Files\Microsoft SQL Server\Client SDK\ODBC\170\Tools\Binn;C:\Program Files\dotnet;C:\Program Files (x86)\Windows Kits\10\Windows Performance Toolkit;C:\Program Files (x86)\NVIDIA Corporation\PhysX\Common;C:\Program Files\NVIDIA Corporation\NVIDIA NvDLISR;C:\Program Files\NVIDIA Corporation\Nsight Compute 2023.3.1;D:\xampp\php;C:\Users\boben;C:\Program Files\nodejs;C:\Users\boben\AppData\Local\Programs\Python\Python312;C:\Users\boben\AppData\Local\Microsoft\WindowsApps;C:\Users\boben\AppData\Local\Programs\Microsoft VS Code\bin;C:\Users\boben\.dotnet\tools;C:\Users\boben\AppData\Local\Programs\Python\Python312\Sc;C:\Users\boben\AppData\Local\Google\Cloud SDK\google-cloud-sdk\bin;C:\Users\boben\go\bin;C:\Users\boben\AppData\Roaming\Composer\vendor\bin;C:\Users\boben\AppData\Local\Microsoft\WindowsApps;C:\Program Files\Git\usr\bin\vendor_perl;C:\Program Files\Git\usr\bin\core_perl
USERNAME=boben
SHELL=C:\Program Files\Git\usr\bin\bash.exe
DISPLAY=needs-to-be-defined
LANG=en_US.UTF-8
TERM=xterm-256color
TMPDIR=C:\Users\boben\AppData\Local\Temp
OS=Windows_NT
PROCESSOR_IDENTIFIER=AMD64 Family 23 Model 24 Stepping 1, AuthenticAMD
TMP=C:\Users\boben\AppData\Local\Temp
TEMP=C:\Users\boben\AppData\Local\Temp




Periodic native trim disabled

---------------  S Y S T E M  ---------------

OS:
 Windows 11 , 64 bit Build 26100 (10.0.26100.4202)
OS uptime: 2 days 0:10 hours

CPU: total 8 (initial active 8) (8 cores per cpu, 2 threads per core) family 23 model 24 stepping 1 microcode 0x8108102, cx8, cmov, fxsr, ht, mmx, 3dnowpref, sse, sse2, sse3, ssse3, sse4a, sse4.1, sse4.2, popcnt, lzcnt, tsc, tscinvbit, avx, avx2, aes, clmul, bmi1, bmi2, adx, sha, fma, vzeroupper, clflush, clflushopt, rdtscp, f16c
Processor Information for the first 8 processors :
  Max Mhz: 2100, Current Mhz: 2100, Mhz Limit: 2100

Memory: 4k page, system-wide physical 14273M (2341M free)
TotalPageFile size 16953M (AvailPageFile size 171M)
current process WorkingSet (physical memory assigned to process): 251M, peak: 263M
current process commit charge ("private bytes"): 287M, peak: 410M

vm_info: Java HotSpot(TM) 64-Bit Server VM (24.0.1+9-30) for windows-amd64 JRE (24.0.1+9-30), built on 2025-03-05T07:23:45Z with MS VC++ 17.6 (VS2022)

END.
